2026-01-29 13:58:54,126 - DataFetcher - INFO - 数据库连接创建成功
2026-01-29 13:58:54,126 - DataFetcher - INFO - 从本地读取交易日历数据...
2026-01-29 13:58:54,233 - DataFetcher - INFO - 成功读取本地交易日历数据，日期范围: 1990-12-19 00:00:00 - 2027-12-31 00:00:00
2026-01-29 13:58:54,250 - DataFetcher - INFO - 筛选后的交易日历数据范围: 2020-12-28 00:00:00 - 2026-12-31 00:00:00
2026-01-29 13:58:54,250 - DataFetcher - INFO - 交易日数量: 1458
2026-01-29 14:39:36,614 - DataFetcher - INFO - 数据库连接创建成功
2026-01-29 14:39:36,616 - DataFetcher - INFO - 从本地读取交易日历数据...
2026-01-29 14:39:36,722 - DataFetcher - INFO - 成功读取本地交易日历数据，日期范围: 1990-12-19 00:00:00 - 2027-12-31 00:00:00
2026-01-29 14:39:36,740 - DataFetcher - INFO - 筛选后的交易日历数据范围: 2020-12-28 00:00:00 - 2026-12-31 00:00:00
2026-01-29 14:39:36,740 - DataFetcher - INFO - 交易日数量: 1458
2026-01-29 14:45:08,203 - DataFetcher - INFO - 数据库连接创建成功
2026-01-29 14:45:08,203 - DataFetcher - INFO - 从本地读取交易日历数据...
2026-01-29 14:45:08,308 - DataFetcher - INFO - 成功读取本地交易日历数据，日期范围: 1990-12-19 00:00:00 - 2027-12-31 00:00:00
2026-01-29 14:45:08,324 - DataFetcher - INFO - 筛选后的交易日历数据范围: 2020-12-28 00:00:00 - 2026-12-31 00:00:00
2026-01-29 14:45:08,324 - DataFetcher - INFO - 交易日数量: 1458
2026-01-29 14:47:03,029 - DataFetcher - INFO - 数据库连接创建成功
2026-01-29 14:47:03,030 - DataFetcher - INFO - 从数据库获取交易日历数据...
2026-01-29 14:47:04,457 - DataFetcher - INFO - SQL fetched 196,875 rows in 1.43s (first 1.42s, chunks=1)
2026-01-29 14:47:04,631 - DataFetcher - INFO - 完整交易日历数据已保存到: ./data/prod_data\trade_cal.csv
2026-01-29 14:47:04,649 - DataFetcher - INFO - 筛选后的交易日历数据范围: 2020-12-28 00:00:00 - 2026-12-31 00:00:00
2026-01-29 14:47:04,649 - DataFetcher - INFO - 交易日数量: 1458
2026-01-29 14:48:23,952 - DataFetcher - INFO - 数据库连接创建成功
2026-01-29 14:48:23,952 - DataFetcher - INFO - 从本地读取交易日历数据...
2026-01-29 14:48:24,058 - DataFetcher - INFO - 成功读取本地交易日历数据，日期范围: 1990-12-19 00:00:00 - 2027-12-31 00:00:00
2026-01-29 14:48:24,073 - DataFetcher - INFO - 筛选后的交易日历数据范围: 2020-12-28 00:00:00 - 2026-12-31 00:00:00
2026-01-29 14:48:24,074 - DataFetcher - INFO - 交易日数量: 1458
2026-01-29 14:49:25,918 - DataFetcher - INFO - 数据库连接创建成功
2026-01-29 14:49:25,919 - DataFetcher - INFO - 从数据库获取交易日历数据...
2026-01-29 14:49:27,357 - DataFetcher - INFO - SQL fetched 196,875 rows in 1.44s (first 1.43s, chunks=1)
2026-01-29 14:49:27,531 - DataFetcher - INFO - 完整交易日历数据已保存到: ./data/prod_data\trade_cal.csv
2026-01-29 14:49:27,549 - DataFetcher - INFO - 筛选后的交易日历数据范围: 2020-12-28 00:00:00 - 2026-12-31 00:00:00
2026-01-29 14:49:27,549 - DataFetcher - INFO - 交易日数量: 1458
2026-01-29 14:55:41,223 - DataFetcher - INFO - 数据库连接创建成功
2026-01-29 14:55:41,223 - DataFetcher - INFO - 从数据库获取交易日历数据...
2026-01-29 14:55:42,648 - DataFetcher - INFO - SQL fetched 196,875 rows in 1.42s (first 1.42s, chunks=1)
2026-01-29 14:55:42,821 - DataFetcher - INFO - 完整交易日历数据已保存到: ./data/prod_data\trade_cal.csv
2026-01-29 14:55:42,840 - DataFetcher - INFO - 筛选后的交易日历数据范围: 2020-12-28 00:00:00 - 2026-12-31 00:00:00
2026-01-29 14:55:42,840 - DataFetcher - INFO - 交易日数量: 1458
2026-01-29 15:05:18,648 - DataFetcher - INFO - 数据库连接创建成功
2026-01-29 15:05:18,648 - DataFetcher - INFO - 从数据库获取交易日历数据...
2026-01-29 15:05:20,077 - DataFetcher - INFO - SQL fetched 196,875 rows in 1.43s (first 1.42s, chunks=1)
2026-01-29 15:05:20,249 - DataFetcher - INFO - 完整交易日历数据已保存到: ./data/realtime_data\trade_cal.csv
2026-01-29 15:05:20,267 - DataFetcher - INFO - 筛选后的交易日历数据范围: 2020-12-28 00:00:00 - 2026-12-31 00:00:00
2026-01-29 15:05:20,268 - DataFetcher - INFO - 交易日数量: 1458
2026-01-29 15:05:46,287 - DataFetcher - INFO - 数据库连接创建成功
2026-01-29 15:05:46,288 - DataFetcher - INFO - 从数据库获取交易日历数据...
2026-01-29 15:05:47,714 - DataFetcher - INFO - SQL fetched 196,875 rows in 1.43s (first 1.42s, chunks=1)
2026-01-29 15:05:47,893 - DataFetcher - INFO - 完整交易日历数据已保存到: /data/simulation_data\trade_cal.csv
2026-01-29 15:05:47,912 - DataFetcher - INFO - 筛选后的交易日历数据范围: 2020-12-28 00:00:00 - 2026-12-31 00:00:00
2026-01-29 15:05:47,913 - DataFetcher - INFO - 交易日数量: 1458
2026-01-29 15:06:49,955 - DataFetcher - INFO - 数据库连接创建成功
2026-01-29 15:06:49,956 - DataFetcher - INFO - 从数据库获取交易日历数据...
2026-01-29 15:06:51,418 - DataFetcher - INFO - SQL fetched 196,875 rows in 1.46s (first 1.45s, chunks=1)
2026-01-29 15:06:51,595 - DataFetcher - INFO - 完整交易日历数据已保存到: ./data/simulation_data\trade_cal.csv
2026-01-29 15:06:51,614 - DataFetcher - INFO - 筛选后的交易日历数据范围: 2020-12-28 00:00:00 - 2026-12-31 00:00:00
2026-01-29 15:06:51,615 - DataFetcher - INFO - 交易日数量: 1458
2026-01-29 17:33:41,752 - DataFetcher - INFO - 数据库连接创建成功
2026-01-29 17:33:41,753 - DataFetcher - INFO - 从本地读取交易日历数据...
2026-01-29 17:33:41,874 - DataFetcher - INFO - 成功读取本地交易日历数据，日期范围: 1990-12-19 00:00:00 - 2027-12-31 00:00:00
2026-01-29 17:33:41,890 - DataFetcher - INFO - 筛选后的交易日历数据范围: 2020-12-28 00:00:00 - 2026-12-31 00:00:00
2026-01-29 17:33:41,890 - DataFetcher - INFO - 交易日数量: 1458
2026-01-29 17:34:19,427 - DataFetcher - INFO - 数据库连接创建成功
2026-01-29 17:34:19,427 - DataFetcher - INFO - 从本地读取交易日历数据...
2026-01-29 17:34:19,532 - DataFetcher - INFO - 成功读取本地交易日历数据，日期范围: 1990-12-19 00:00:00 - 2027-12-31 00:00:00
2026-01-29 17:34:19,548 - DataFetcher - INFO - 筛选后的交易日历数据范围: 2020-12-28 00:00:00 - 2026-12-31 00:00:00
2026-01-29 17:34:19,548 - DataFetcher - INFO - 交易日数量: 1458
2026-01-29 17:47:10,950 - DataFetcher - INFO - 数据库连接创建成功
2026-01-29 17:47:10,950 - DataFetcher - INFO - 从本地读取交易日历数据...
2026-01-29 17:47:11,068 - DataFetcher - INFO - 成功读取本地交易日历数据，日期范围: 1990-12-19 00:00:00 - 2027-12-31 00:00:00
2026-01-29 17:47:11,084 - DataFetcher - INFO - 筛选后的交易日历数据范围: 2020-12-28 00:00:00 - 2026-12-31 00:00:00
2026-01-29 17:47:11,085 - DataFetcher - INFO - 交易日数量: 1458
